<?xml version="1.0" encoding="UTF-8"?>
<testng-results ignored="0" total="1" passed="1" failed="0" skipped="0">
  <reporter-output>
  </reporter-output>
  <suite started-at="2022-10-12T20:42:21 IST" name="Default suite" finished-at="2022-10-12T20:43:44 IST" duration-ms="82414">
    <groups>
    </groups>
    <test started-at="2022-10-12T20:42:21 IST" name="Default test" finished-at="2022-10-12T20:43:44 IST" duration-ms="82414">
      <class name="Tests.Test3_Verify_Click_On_Buy_Sell_Btn">
        <test-method is-config="true" signature="OpenBrowser()[pri:0, instance:Tests.Test3_Verify_Click_On_Buy_Sell_Btn@593aaf41]" started-at="2022-10-12T20:42:21 IST" name="OpenBrowser" finished-at="2022-10-12T20:42:41 IST" duration-ms="19993" status="PASS">
          <reporter-output>
          </reporter-output>
        </test-method> <!-- OpenBrowser -->
        <test-method is-config="true" signature="LoginToApp()[pri:0, instance:Tests.Test3_Verify_Click_On_Buy_Sell_Btn@593aaf41]" started-at="2022-10-12T20:42:41 IST" name="LoginToApp" finished-at="2022-10-12T20:43:09 IST" duration-ms="27469" status="PASS">
          <reporter-output>
          </reporter-output>
        </test-method> <!-- LoginToApp -->
        <test-method signature="Buy_Sell_Stock()[pri:0, instance:Tests.Test3_Verify_Click_On_Buy_Sell_Btn@593aaf41]" started-at="2022-10-12T20:43:09 IST" name="Buy_Sell_Stock" finished-at="2022-10-12T20:43:39 IST" duration-ms="29964" status="PASS">
          <reporter-output>
          </reporter-output>
        </test-method> <!-- Buy_Sell_Stock -->
        <test-method is-config="true" signature="LogoutToApp(org.testng.ITestResult)[pri:0, instance:Tests.Test3_Verify_Click_On_Buy_Sell_Btn@593aaf41]" started-at="2022-10-12T20:43:39 IST" name="LogoutToApp" finished-at="2022-10-12T20:43:40 IST" duration-ms="1425" status="PASS">
          <params>
            <param index="0">
              <value>
                <![CDATA[[TestResult name=Buy_Sell_Stock status=SUCCESS method=Test3_Verify_Click_On_Buy_Sell_Btn.Buy_Sell_Stock()[pri:0, instance:Tests.Test3_Verify_Click_On_Buy_Sell_Btn@593aaf41] output={null}]]]>
              </value>
            </param>
          </params>
          <reporter-output>
          </reporter-output>
        </test-method> <!-- LogoutToApp -->
        <test-method is-config="true" signature="CloseBrowser()[pri:0, instance:Tests.Test3_Verify_Click_On_Buy_Sell_Btn@593aaf41]" started-at="2022-10-12T20:43:40 IST" name="CloseBrowser" finished-at="2022-10-12T20:43:44 IST" duration-ms="3481" status="PASS">
          <reporter-output>
          </reporter-output>
        </test-method> <!-- CloseBrowser -->
      </class> <!-- Tests.Test3_Verify_Click_On_Buy_Sell_Btn -->
    </test> <!-- Default test -->
  </suite> <!-- Default suite -->
</testng-results>
